<?xml version="1.0" encoding="UTF-8"?>
<!-- Generated by org.testng.reporters.JUnitReportReporter -->
<testsuite hostname="DESKTOP-A3FSNU9" failures="0" tests="3" name="seleniumFramework.Tests.SubmitOrder" time="68.784" errors="0" timestamp="2024-03-21T10:50:42 EDT" skipped="0">
  <testcase classname="seleniumFramework.Tests.SubmitOrder" name="submitOrder" time="34.222"/>
  <system-out/>
  <testcase classname="seleniumFramework.Tests.SubmitOrder" name="submitOrder" time="23.587"/>
  <system-out/>
  <testcase classname="seleniumFramework.Tests.SubmitOrder" name="orderHistory" time="10.975"/>
  <system-out/>
</testsuite> <!-- seleniumFramework.Tests.SubmitOrder -->
