<?xml version="1.0" encoding="UTF-8"?>
<!-- Generated by org.testng.reporters.JUnitReportReporter -->
<testsuite hostname="DESKTOP-A3FSNU9" failures="0" tests="1" name="seleniumFramework.Tests.StandaloneTest" time="12.844" errors="0" timestamp="2024-03-07T22:55:58 EST" skipped="0">
  <testcase classname="seleniumFramework.Tests.StandaloneTest" name="Login" time="12.844"/>
  <system-out/>
</testsuite> <!-- seleniumFramework.Tests.StandaloneTest -->
